INFO  Scanning: /home/san/Desktop/MTP_PINN/Neural_Networks/Trained_Models_Grid
INFO  Computing train metrics (model inference on training split)...
INFO    Use --no-train-metrics to skip this step.
INFO  Found 72 model(s) in 3 type(s): ['BlackBoxFNN', 'PhysicsRegularizedFNN', 'ResidualCorrectionFNN']

====================================================================================================================================================
  GRID SEARCH - TRAINED MODELS - PERFORMANCE REPORT
  val/test RMSE, R2, MAE, Pearson read from proper held-out splits  |  RMSE & MAE in N.m
  + train_rmse_hist and val_rmse_hist are from training_history.csv at best checkpoint
====================================================================================================================================================
  #   Model Type                       Ep   ES    Test RMSE     Val RMSE     Test R2      Val R2    Test MAE     Val MAE     Test P      Val P    Tr-RMSE+     V-RMSE+
----------------------------------------------------------------------------------------------------------------------------------------------------
  1   PhysicsRegularizedFNN           140    N      0.07928      0.08528      0.9280      0.9389     0.04579     0.05216     0.9569     0.9518     0.17717     0.07240
  2   PhysicsRegularizedFNN           709    N      0.07976      0.08507      0.9271      0.9391     0.04834     0.05347     0.9554     0.9521     0.23237     0.07244
  3   PhysicsRegularizedFNN           599    N      0.07976      0.08700      0.9271      0.9364     0.04617     0.05273     0.9566     0.9495     0.18387     0.07331
  4   PhysicsRegularizedFNN           310    N      0.07984      0.08324      0.9270      0.9417     0.04831     0.05306     0.9560     0.9536     0.23079     0.07123
  5   PhysicsRegularizedFNN           353    N      0.08024      0.08347      0.9262      0.9414     0.04838     0.05271     0.9554     0.9526     0.21723     0.07196
  6   PhysicsRegularizedFNN           198    N      0.08041      0.08271      0.9259      0.9425     0.04806     0.05255     0.9552     0.9530     0.22693     0.07134
  7   PhysicsRegularizedFNN           158    N      0.08064      0.08433      0.9255      0.9402     0.04871     0.05376     0.9551     0.9518     0.21742     0.07244
  8   PhysicsRegularizedFNN           203    N      0.08083      0.08594      0.9252      0.9379     0.04609     0.05253     0.9559     0.9497     0.17315     0.07315
  9   PhysicsRegularizedFNN           307    N      0.08084      0.08446      0.9251      0.9400     0.04552     0.05181     0.9569     0.9518     0.17721     0.07185
  10  PhysicsRegularizedFNN           340    N      0.08090      0.08682      0.9250      0.9366     0.04694     0.05331     0.9561     0.9515     0.19970     0.07352
  11  PhysicsRegularizedFNN           297    N      0.08144      0.08609      0.9240      0.9377     0.04605     0.05244     0.9550     0.9496     0.17802     0.07292
  12  ResidualCorrectionFNN           278    N      0.08153      0.08451      0.9238      0.9400     0.04433     0.04876     0.9540     0.9514     0.09440     0.07055
  13  PhysicsRegularizedFNN           373    N      0.08154      0.08387      0.9238      0.9409     0.04907     0.05307     0.9542     0.9524     0.22346     0.07192
  14  ResidualCorrectionFNN           455    N      0.08165      0.08526      0.9236      0.9389     0.04533     0.05031     0.9545     0.9516     0.13923     0.07188
  15  PhysicsRegularizedFNN           158    N      0.08185      0.08631      0.9233      0.9374     0.04642     0.05278     0.9553     0.9490     0.16722     0.07300
  16  ResidualCorrectionFNN           435    N      0.08186      0.08626      0.9232      0.9374     0.04550     0.05110     0.9533     0.9497     0.14789     0.07240
  17  PhysicsRegularizedFNN           340    N      0.08201      0.08586      0.9230      0.9380     0.04998     0.05444     0.9538     0.9522     0.24789     0.07350
  18  ResidualCorrectionFNN           215    N      0.08210      0.08601      0.9228      0.9378     0.04455     0.04958     0.9535     0.9510     0.11490     0.07137
  19  PhysicsRegularizedFNN           350    N      0.08210      0.09006      0.9228      0.9318     0.04634     0.05439     0.9546     0.9463     0.16804     0.07675
  20  PhysicsRegularizedFNN           138    N      0.08220      0.08368      0.9226      0.9411     0.04889     0.05322     0.9539     0.9531     0.22515     0.07188
  21  ResidualCorrectionFNN           435    N      0.08244      0.08690      0.9221      0.9365     0.04580     0.05150     0.9526     0.9488     0.14635     0.07299
  22  ResidualCorrectionFNN           394    N      0.08249      0.08616      0.9220      0.9376     0.04561     0.05108     0.9535     0.9502     0.14514     0.07259
  23  ResidualCorrectionFNN           215    N      0.08261      0.08645      0.9218      0.9372     0.04480     0.04992     0.9528     0.9501     0.11757     0.07189
  24  ResidualCorrectionFNN           394    N      0.08267      0.08634      0.9217      0.9373     0.04572     0.05119     0.9533     0.9500     0.14492     0.07276
  25  PhysicsRegularizedFNN           135    N      0.08268      0.08921      0.9217      0.9331     0.04576     0.05359     0.9538     0.9463     0.16482     0.07541
  26  PhysicsRegularizedFNN           599    N      0.08270      0.09070      0.9216      0.9308     0.04596     0.05388     0.9538     0.9438     0.15164     0.07627
  27  ResidualCorrectionFNN           215    N      0.08276      0.08658      0.9215      0.9370     0.04490     0.05005     0.9526     0.9498     0.11745     0.07205
  28  ResidualCorrectionFNN           198    N      0.08283      0.08591      0.9214      0.9379     0.04518     0.04983     0.9521     0.9498     0.10006     0.07171
  29  ResidualCorrectionFNN           317    N      0.08286      0.08560      0.9213      0.9384     0.04474     0.05001     0.9524     0.9511     0.11445     0.07185
  30  ResidualCorrectionFNN           198    N      0.08301      0.08619      0.9211      0.9375     0.04527     0.04997     0.9518     0.9495     0.09996     0.07197
  31  BlackBoxFNN                     130    N      0.08303      0.09193      0.9210      0.9289     0.04639     0.05504     0.9526     0.9433     0.16011     0.07748
  32  PhysicsRegularizedFNN           350    N      0.08311      0.09115      0.9209      0.9301     0.04678     0.05500     0.9534     0.9448     0.16893     0.07769
  33  ResidualCorrectionFNN           162    N      0.08340      0.08579      0.9203      0.9381     0.04484     0.04996     0.9516     0.9502     0.10000     0.07169
  34  PhysicsRegularizedFNN           138    N      0.08340      0.08609      0.9203      0.9377     0.04671     0.05237     0.9540     0.9507     0.18777     0.07276
  35  ResidualCorrectionFNN           146    N      0.08348      0.09115      0.9202      0.9302     0.04883     0.05591     0.9522     0.9447     0.20468     0.07673
  36  ResidualCorrectionFNN           218    N      0.08351      0.08468      0.9201      0.9397     0.04494     0.04971     0.9524     0.9516     0.13993     0.07155
  37  ResidualCorrectionFNN           137    N      0.08363      0.08615      0.9199      0.9376     0.04543     0.05082     0.9526     0.9513     0.14144     0.07218
  38  PhysicsRegularizedFNN           135    N      0.08370      0.09034      0.9197      0.9314     0.04618     0.05419     0.9527     0.9445     0.16157     0.07639
  39  PhysicsRegularizedFNN           416    N      0.08375      0.09253      0.9196      0.9280     0.04683     0.05546     0.9528     0.9406     0.15834     0.07763
  40  ResidualCorrectionFNN           218    N      0.08397      0.08532      0.9192      0.9388     0.04527     0.05013     0.9518     0.9507     0.13848     0.07210
  41  PhysicsRegularizedFNN           107    N      0.08408      0.08945      0.9190      0.9327     0.04632     0.05326     0.9529     0.9459     0.15845     0.07555
  42  ResidualCorrectionFNN           281    N      0.08415      0.08558      0.9189      0.9384     0.04559     0.05031     0.9512     0.9516     0.11798     0.07185
  43  ResidualCorrectionFNN           137    N      0.08418      0.08690      0.9188      0.9365     0.04568     0.05129     0.9520     0.9504     0.14007     0.07281
  44  BlackBoxFNN                     350    N      0.08428      0.09226      0.9186      0.9284     0.04741     0.05571     0.9521     0.9432     0.16392     0.07867
  45  ResidualCorrectionFNN           137    N      0.08433      0.08712      0.9185      0.9362     0.04576     0.05144     0.9518     0.9502     0.13992     0.07299INFO  Saving plots to: /home/san/Desktop/MTP_PINN/Neural_Networks/Trained_Models_Grid/analysis
INFO  Saved: /home/san/Desktop/MTP_PINN/Neural_Networks/Trained_Models_Grid/analysis/fig1_training_dynamics.pdf  +  /home/san/Desktop/MTP_PINN/Neural_Networks/Trained_Models_Grid/analysis/fig1_training_dynamics.png
INFO  Saved: /home/san/Desktop/MTP_PINN/Neural_Networks/Trained_Models_Grid/analysis/fig2_rmse_comparison.pdf  +  /home/san/Desktop/MTP_PINN/Neural_Networks/Trained_Models_Grid/analysis/fig2_rmse_comparison.png
INFO  Saved: /home/san/Desktop/MTP_PINN/Neural_Networks/Trained_Models_Grid/analysis/fig3_r2_comparison.pdf  +  /home/san/Desktop/MTP_PINN/Neural_Networks/Trained_Models_Grid/analysis/fig3_r2_comparison.png
/home/san/Desktop/MTP_PINN/Neural_Networks/analyze_models_grid.py:869: UserWarning: This figure includes Axes that are not compatible with tight_layout, so results might be incorrect.
  fig.tight_layout()
INFO  Saved: /home/san/Desktop/MTP_PINN/Neural_Networks/Trained_Models_Grid/analysis/fig4_per_joint_heatmaps.pdf  +  /home/san/Desktop/MTP_PINN/Neural_Networks/Trained_Models_Grid/analysis/fig4_per_joint_heatmaps.png
INFO  Saved: /home/san/Desktop/MTP_PINN/Neural_Networks/Trained_Models_Grid/analysis/fig5_parallel_coordinates.pdf  +  /home/san/Desktop/MTP_PINN/Neural_Networks/Trained_Models_Grid/analysis/fig5_parallel_coordinates.png
INFO  Saved: /home/san/Desktop/MTP_PINN/Neural_Networks/Trained_Models_Grid/analysis/fig6_r2_vs_rmse_scatter.pdf  +  /home/san/Desktop/MTP_PINN/Neural_Networks/Trained_Models_Grid/analysis/fig6_r2_vs_rmse_scatter.png
INFO  Saved: /home/san/Desktop/MTP_PINN/Neural_Networks/Trained_Models_Grid/analysis/fig7_mae_nrmse_comparison.pdf  +  /home/san/Desktop/MTP_PINN/Neural_Networks/Trained_Models_Grid/analysis/fig7_mae_nrmse_comparison.png
INFO  Saved: /home/san/Desktop/MTP_PINN/Neural_Networks/Trained_Models_Grid/analysis/fig9_per_joint_r2_breakdown.pdf  +  /home/san/Desktop/MTP_PINN/Neural_Networks/Trained_Models_Grid/analysis/fig9_per_joint_r2_breakdown.png
INFO  No EDR models - skipping Fig 8.
INFO  Saved: /home/san/Desktop/MTP_PINN/Neural_Networks/Trained_Models_Grid/analysis/fig10_topk_leaderboard.pdf  +  /home/san/Desktop/MTP_PINN/Neural_Networks/Trained_Models_Grid/analysis/fig10_topk_leaderboard.png
INFO  Saved: /home/san/Desktop/MTP_PINN/Neural_Networks/Trained_Models_Grid/analysis/fig11_hp_importance.pdf  +  /home/san/Desktop/MTP_PINN/Neural_Networks/Trained_Models_Grid/analysis/fig11_hp_importance.png
INFO  No non-degenerate HP pairs found - skipping Fig 12.
INFO  Saved: /home/san/Desktop/MTP_PINN/Neural_Networks/Trained_Models_Grid/analysis/fig13_rmse_distribution.pdf  +  /home/san/Desktop/MTP_PINN/Neural_Networks/Trained_Models_Grid/analysis/fig13_rmse_distribution.png
INFO  Saved: /home/san/Desktop/MTP_PINN/Neural_Networks/Trained_Models_Grid/analysis/fig14_data_efficiency.pdf  +  /home/san/Desktop/MTP_PINN/Neural_Networks/Trained_Models_Grid/analysis/fig14_data_efficiency.png
INFO  Saved: /home/san/Desktop/MTP_PINN/Neural_Networks/Trained_Models_Grid/analysis/fig15_physics_weight_impact.pdf  +  /home/san/Desktop/MTP_PINN/Neural_Networks/Trained_Models_Grid/analysis/fig15_physics_weight_impact.png
/home/san/Desktop/MTP_PINN/Neural_Networks/analyze_models_grid.py:1975: UserWarning: Matplotlib is currently using agg, which is a non-GUI backend, so cannot show the figure.
  plt.show(block=True)

  46  PhysicsRegularizedFNN           297    N      0.08436      0.09069      0.9185      0.9308     0.04651     0.05402     0.9521     0.9434     0.14254     0.07617
  47  PhysicsRegularizedFNN           203    N      0.08441      0.09049      0.9184      0.9311     0.04627     0.05387     0.9522     0.9438     0.13267     0.07607
  48  ResidualCorrectionFNN           162    N      0.08443      0.08625      0.9183      0.9375     0.04531     0.05016     0.9505     0.9494     0.10576     0.07215
  49  PhysicsRegularizedFNN           158    N      0.08448      0.09037      0.9182      0.9313     0.04617     0.05382     0.9526     0.9434     0.13264     0.07561
  50  PhysicsRegularizedFNN           100    N      0.08448      0.08929      0.9182      0.9330     0.05335     0.05875     0.9505     0.9475     0.28848     0.07744
  51  PhysicsRegularizedFNN           217    N      0.08451      0.09183      0.9182      0.9291     0.04682     0.05507     0.9521     0.9405     0.15758     0.07732
  52  PhysicsRegularizedFNN           244    N      0.08471      0.08905      0.9178      0.9333     0.04633     0.05335     0.9527     0.9460     0.15349     0.07519
  53  ResidualCorrectionFNN           162    N      0.08476      0.08640      0.9177      0.9372     0.04545     0.05025     0.9501     0.9492     0.10568     0.07225
  54  PhysicsRegularizedFNN           107    N      0.08493      0.09066      0.9174      0.9309     0.04670     0.05394     0.9517     0.9442     0.15524     0.07659
  55  BlackBoxFNN                     416    N      0.08498      0.09359      0.9173      0.9264     0.04746     0.05616     0.9515     0.9388     0.15819     0.07867
  56  ResidualCorrectionFNN           281    N      0.08499      0.08630      0.9173      0.9374     0.04600     0.05070     0.9502     0.9508     0.11649     0.07238
  57  PhysicsRegularizedFNN           100    N      0.08511      0.08852      0.9170      0.9341     0.05357     0.05844     0.9499     0.9481     0.30176     0.07688
  58  ResidualCorrectionFNN           281    N      0.08518      0.08649      0.9169      0.9371     0.04609     0.05083     0.9500     0.9506     0.11636     0.07253
  59  PhysicsRegularizedFNN           158    N      0.08540      0.09153      0.9164      0.9296     0.04655     0.05448     0.9515     0.9414     0.12886     0.07651
  60  PhysicsRegularizedFNN           244    N      0.08575      0.09035      0.9158      0.9314     0.04692     0.05402     0.9513     0.9442     0.15102     0.07627
  61  BlackBoxFNN                     107    N      0.08585      0.09190      0.9156      0.9290     0.04725     0.05473     0.9504     0.9425     0.16132     0.07767
  62  PhysicsRegularizedFNN           220    N      0.08595      0.09179      0.9154      0.9292     0.04711     0.05457     0.9502     0.9421     0.12883     0.07706
  63  BlackBoxFNN                     217    N      0.08617      0.09149      0.9149      0.9296     0.04680     0.05466     0.9503     0.9427     0.14844     0.07745
  64  BlackBoxFNN                     158    N      0.08643      0.09278      0.9144      0.9276     0.04710     0.05523     0.9501     0.9393     0.12748     0.07755
  65  BlackBoxFNN                     220    N      0.08720      0.09317      0.9129      0.9270     0.04772     0.05525     0.9489     0.9401     0.12739     0.07820
  66  BlackBoxFNN                     317    N      0.08771      0.09315      0.9119      0.9270     0.04775     0.05566     0.9484     0.9392     0.13730     0.07833
  67  PhysicsRegularizedFNN           100    N      0.09037      0.09414      0.9064      0.9255     0.05918     0.06401     0.9435     0.9419     0.33184     0.08224
  68  PhysicsRegularizedFNN           100    N      0.09140      0.09341      0.9043      0.9266     0.05936     0.06365     0.9422     0.9426     0.33207     0.08195
  69  PhysicsRegularizedFNN           100    N      0.09778      0.10106      0.8905      0.9141     0.06552     0.07021     0.9335     0.9327     0.36786     0.08871
  70  PhysicsRegularizedFNN           100    N      0.09829      0.10093      0.8893      0.9143     0.06552     0.07019     0.9330     0.9334     0.37094     0.08901
  71  PhysicsRegularizedFNN           212    N      0.10790      0.11252      0.8666      0.8936     0.07304     0.07894     0.9252     0.9317     0.42997     0.09646
  72  PhysicsRegularizedFNN           219    N      0.10849      0.11322      0.8651      0.8922     0.07331     0.07939     0.9245     0.9321     0.43059     0.09689
----------------------------------------------------------------------------------------------------------------------------------------------------
  ES=Y: early stopped   +: training-history units

=== Best per model type (ranked by test RMSE, N.m) ===
  BlackBoxFNN                          test RMSE=0.08303 N.m  test R2=0.9210  test MAE=0.04639 N.m  ->  BlackBoxFNN_ep130_rmse0.08808_frac0.5_lr3e-4_wd0.01_do0.1_bs1024_hl256-512-256_20260423_1610
  PhysicsRegularizedFNN                test RMSE=0.07928 N.m  test R2=0.9280  test MAE=0.04579 N.m  ->  PhysicsRegularizedFNN_ep140_rmse0.08266_frac0.5_lr3e-4_wd0.01_do0.1_bs1024_hl256-512-256_pw0.3_20260423_1342
  ResidualCorrectionFNN                test RMSE=0.08153 N.m  test R2=0.9238  test MAE=0.04433 N.m  ->  ResidualCorrectionFNN_ep278_rmse0.08320_frac1_lr3e-4_wd0.01_do0.1_bs1024_hl256-512-256_alphareg0.05_20260423_1857


Plots saved to: /home/san/Desktop/MTP_PINN/Neural_Networks/Trained_Models_Grid/analysis
14 figure window(s) open - close all windows to exit.
