02:02:21  diag.a2b  INFO  ==============================================================================
02:02:21  diag.a2b  INFO  A2b — EDR with λ_corr=0.002 (journal-winning low-reg)
02:02:21  diag.a2b  INFO  Epochs=250  data_train_fraction=0.15
02:02:21  diag.a2b  INFO  ==============================================================================
02:02:23  Neural_Networks.loader  INFO  RobotDataset [train]: loaded 139531 samples from /home/san/Desktop/MTP_PINN/Neural_Networks/train_data/run_abl_q0_qd91_qdd91_tau51_lk_20260515_1837/train  (ram)
02:02:23  Neural_Networks.loader  INFO  RobotDataset [val]: loaded 63765 samples from /home/san/Desktop/MTP_PINN/Neural_Networks/train_data/run_abl_q0_qd91_qdd91_tau51_lk_20260515_1837/val  (ram)
02:02:23  Neural_Networks.loader  INFO  RobotDataset [test]: loaded 105200 samples from /home/san/Desktop/MTP_PINN/Neural_Networks/train_data/run_abl_q0_qd91_qdd91_tau51_lk_20260515_1837/test  (ram)
02:02:24  edr_strategy  INFO  EDR γ-gate: epoch 1 → γ=0.0000
02:02:27  diag.EDR_A2b_lowreg  INFO  epoch    1/250  train_loss=0.20365 (obj=0.20365)  val_loss=0.19646  train_rmse=0.11124  val_rmse=0.10136 N·m  l_data=0.20365  l_corr=0.00000  |δg|=2.107e-03  ||δM||_F=2.331e-04  |δC·q̇|=6.328e-05  |δτ_f|=1.693e-03  best_ep=1  patience=0/10000
02:02:40  diag.EDR_A2b_lowreg  INFO  epoch    5/250  train_loss=0.17679 (obj=0.17697)  val_loss=0.17036  train_rmse=0.10504  val_rmse=0.09642 N·m  l_data=0.17679  l_corr=0.00017  |δg|=6.106e-02  ||δM||_F=2.177e-01  |δC·q̇|=1.147e-01  |δτ_f|=4.247e-02  best_ep=5  patience=0/10000
02:02:57  diag.EDR_A2b_lowreg  INFO  epoch   10/250  train_loss=0.15048 (obj=0.15266)  val_loss=0.14920  train_rmse=0.09896  val_rmse=0.09139 N·m  l_data=0.15048  l_corr=0.00218  |δg|=8.229e-02  ||δM||_F=1.191e+00  |δC·q̇|=4.895e-01  |δτ_f|=8.329e-02  best_ep=10  patience=0/10000
02:03:12  diag.EDR_A2b_lowreg  INFO  epoch   15/250  train_loss=0.13561 (obj=0.13866)  val_loss=0.13331  train_rmse=0.09478  val_rmse=0.08701 N·m  l_data=0.13561  l_corr=0.00305  |δg|=9.188e-02  ||δM||_F=1.178e+00  |δC·q̇|=6.489e-01  |δτ_f|=8.709e-02  best_ep=15  patience=0/10000
02:03:28  diag.EDR_A2b_lowreg  INFO  epoch   20/250  train_loss=0.12930 (obj=0.13114)  val_loss=0.12819  train_rmse=0.09292  val_rmse=0.08574 N·m  l_data=0.12930  l_corr=0.00184  |δg|=9.724e-02  ||δM||_F=8.706e-01  |δC·q̇|=5.147e-01  |δτ_f|=7.805e-02  best_ep=20  patience=0/10000
02:03:45  diag.EDR_A2b_lowreg  INFO  epoch   25/250  train_loss=0.12480 (obj=0.12586)  val_loss=0.12580  train_rmse=0.09164  val_rmse=0.08517 N·m  l_data=0.12480  l_corr=0.00106  |δg|=1.022e-01  ||δM||_F=6.294e-01  |δC·q̇|=3.900e-01  |δτ_f|=7.151e-02  best_ep=25  patience=0/10000
02:04:00  diag.EDR_A2b_lowreg  INFO  epoch   30/250  train_loss=0.12280 (obj=0.12346)  val_loss=0.12453  train_rmse=0.09104  val_rmse=0.08492 N·m  l_data=0.12280  l_corr=0.00066  |δg|=1.072e-01  ||δM||_F=4.919e-01  |δC·q̇|=3.016e-01  |δτ_f|=6.753e-02  best_ep=30  patience=0/10000
02:04:15  diag.EDR_A2b_lowreg  INFO  epoch   35/250  train_loss=0.12044 (obj=0.12090)  val_loss=0.12366  train_rmse=0.09038  val_rmse=0.08472 N·m  l_data=0.12044  l_corr=0.00046  |δg|=1.110e-01  ||δM||_F=3.934e-01  |δC·q̇|=2.448e-01  |δτ_f|=6.386e-02  best_ep=34  patience=1/10000
02:04:31  diag.EDR_A2b_lowreg  INFO  epoch   40/250  train_loss=0.11855 (obj=0.11890)  val_loss=0.12295  train_rmse=0.08967  val_rmse=0.08451 N·m  l_data=0.11855  l_corr=0.00035  |δg|=1.134e-01  ||δM||_F=3.244e-01  |δC·q̇|=2.054e-01  |δτ_f|=6.027e-02  best_ep=39  patience=1/10000
02:04:46  diag.EDR_A2b_lowreg  INFO  epoch   45/250  train_loss=0.11704 (obj=0.11732)  val_loss=0.12249  train_rmse=0.08926  val_rmse=0.08432 N·m  l_data=0.11704  l_corr=0.00028  |δg|=1.159e-01  ||δM||_F=2.778e-01  |δC·q̇|=1.776e-01  |δτ_f|=5.628e-02  best_ep=45  patience=0/10000
02:05:02  diag.EDR_A2b_lowreg  INFO  epoch   50/250  train_loss=0.11619 (obj=0.11643)  val_loss=0.12187  train_rmse=0.08900  val_rmse=0.08423 N·m  l_data=0.11619  l_corr=0.00024  |δg|=1.179e-01  ||δM||_F=2.444e-01  |δC·q̇|=1.597e-01  |δτ_f|=5.067e-02  best_ep=47  patience=3/10000
02:05:17  diag.EDR_A2b_lowreg  INFO  epoch   55/250  train_loss=0.11548 (obj=0.11569)  val_loss=0.12161  train_rmse=0.08875  val_rmse=0.08413 N·m  l_data=0.11548  l_corr=0.00021  |δg|=1.191e-01  ||δM||_F=2.213e-01  |δC·q̇|=1.474e-01  |δτ_f|=4.549e-02  best_ep=54  patience=1/10000
02:05:33  diag.EDR_A2b_lowreg  INFO  epoch   60/250  train_loss=0.11429 (obj=0.11448)  val_loss=0.12123  train_rmse=0.08835  val_rmse=0.08404 N·m  l_data=0.11429  l_corr=0.00019  |δg|=1.209e-01  ||δM||_F=2.038e-01  |δC·q̇|=1.385e-01  |δτ_f|=4.256e-02  best_ep=59  patience=1/10000
02:05:48  diag.EDR_A2b_lowreg  INFO  epoch   65/250  train_loss=0.11350 (obj=0.11368)  val_loss=0.12054  train_rmse=0.08804  val_rmse=0.08386 N·m  l_data=0.11350  l_corr=0.00018  |δg|=1.218e-01  ||δM||_F=1.948e-01  |δC·q̇|=1.334e-01  |δτ_f|=3.905e-02  best_ep=65  patience=0/10000
02:06:03  diag.EDR_A2b_lowreg  INFO  epoch   70/250  train_loss=0.11271 (obj=0.11289)  val_loss=0.12043  train_rmse=0.08775  val_rmse=0.08391 N·m  l_data=0.11271  l_corr=0.00018  |δg|=1.232e-01  ||δM||_F=1.871e-01  |δC·q̇|=1.304e-01  |δτ_f|=3.623e-02  best_ep=65  patience=5/10000
02:06:19  diag.EDR_A2b_lowreg  INFO  epoch   75/250  train_loss=0.11219 (obj=0.11237)  val_loss=0.12010  train_rmse=0.08762  val_rmse=0.08372 N·m  l_data=0.11219  l_corr=0.00017  |δg|=1.245e-01  ||δM||_F=1.828e-01  |δC·q̇|=1.293e-01  |δτ_f|=3.548e-02  best_ep=75  patience=0/10000
02:06:19  edr_strategy  INFO  EDR γ-gate: epoch 76 → γ=1.0000
02:06:34  diag.EDR_A2b_lowreg  INFO  epoch   80/250  train_loss=0.11152 (obj=0.11170)  val_loss=0.11975  train_rmse=0.08746  val_rmse=0.08365 N·m  l_data=0.11152  l_corr=0.00018  |δg|=1.264e-01  ||δM||_F=1.827e-01  |δC·q̇|=1.295e-01  |δτ_f|=3.498e-02  best_ep=80  patience=0/10000
02:06:50  diag.EDR_A2b_lowreg  INFO  epoch   85/250  train_loss=0.11100 (obj=0.11118)  val_loss=0.11949  train_rmse=0.08722  val_rmse=0.08362 N·m  l_data=0.11100  l_corr=0.00018  |δg|=1.273e-01  ||δM||_F=1.863e-01  |δC·q̇|=1.302e-01  |δτ_f|=3.444e-02  best_ep=85  patience=0/10000
02:07:05  diag.EDR_A2b_lowreg  INFO  epoch   90/250  train_loss=0.11042 (obj=0.11060)  val_loss=0.11935  train_rmse=0.08703  val_rmse=0.08364 N·m  l_data=0.11042  l_corr=0.00018  |δg|=1.274e-01  ||δM||_F=1.852e-01  |δC·q̇|=1.308e-01  |δτ_f|=3.400e-02  best_ep=85  patience=5/10000
02:07:21  diag.EDR_A2b_lowreg  INFO  epoch   95/250  train_loss=0.10968 (obj=0.10986)  val_loss=0.11922  train_rmse=0.08677  val_rmse=0.08353 N·m  l_data=0.10968  l_corr=0.00018  |δg|=1.300e-01  ||δM||_F=1.865e-01  |δC·q̇|=1.311e-01  |δτ_f|=3.345e-02  best_ep=92  patience=3/10000
02:07:36  diag.EDR_A2b_lowreg  INFO  epoch  100/250  train_loss=0.10936 (obj=0.10955)  val_loss=0.11904  train_rmse=0.08664  val_rmse=0.08350 N·m  l_data=0.10936  l_corr=0.00018  |δg|=1.293e-01  ||δM||_F=1.871e-01  |δC·q̇|=1.318e-01  |δτ_f|=3.318e-02  best_ep=96  patience=4/10000
02:07:51  diag.EDR_A2b_lowreg  INFO  epoch  105/250  train_loss=0.10874 (obj=0.10893)  val_loss=0.11893  train_rmse=0.08648  val_rmse=0.08352 N·m  l_data=0.10874  l_corr=0.00019  |δg|=1.304e-01  ||δM||_F=1.866e-01  |δC·q̇|=1.319e-01  |δτ_f|=3.286e-02  best_ep=96  patience=9/10000
02:08:07  diag.EDR_A2b_lowreg  INFO  epoch  110/250  train_loss=0.10894 (obj=0.10913)  val_loss=0.11872  train_rmse=0.08646  val_rmse=0.08334 N·m  l_data=0.10894  l_corr=0.00019  |δg|=1.300e-01  ||δM||_F=1.869e-01  |δC·q̇|=1.324e-01  |δτ_f|=3.334e-02  best_ep=110  patience=0/10000
02:08:22  diag.EDR_A2b_lowreg  INFO  epoch  115/250  train_loss=0.10817 (obj=0.10836)  val_loss=0.11877  train_rmse=0.08626  val_rmse=0.08342 N·m  l_data=0.10817  l_corr=0.00019  |δg|=1.306e-01  ||δM||_F=1.903e-01  |δC·q̇|=1.329e-01  |δτ_f|=3.258e-02  best_ep=113  patience=2/10000
02:08:38  diag.EDR_A2b_lowreg  INFO  epoch  120/250  train_loss=0.10811 (obj=0.10830)  val_loss=0.11864  train_rmse=0.08622  val_rmse=0.08342 N·m  l_data=0.10811  l_corr=0.00019  |δg|=1.315e-01  ||δM||_F=1.898e-01  |δC·q̇|=1.330e-01  |δτ_f|=3.249e-02  best_ep=113  patience=7/10000
02:08:53  diag.EDR_A2b_lowreg  INFO  epoch  125/250  train_loss=0.10746 (obj=0.10765)  val_loss=0.11842  train_rmse=0.08599  val_rmse=0.08335 N·m  l_data=0.10746  l_corr=0.00019  |δg|=1.320e-01  ||δM||_F=1.893e-01  |δC·q̇|=1.334e-01  |δτ_f|=3.204e-02  best_ep=121  patience=4/10000
02:09:09  diag.EDR_A2b_lowreg  INFO  epoch  130/250  train_loss=0.10730 (obj=0.10749)  val_loss=0.11831  train_rmse=0.08600  val_rmse=0.08332 N·m  l_data=0.10730  l_corr=0.00019  |δg|=1.325e-01  ||δM||_F=1.893e-01  |δC·q̇|=1.332e-01  |δτ_f|=3.225e-02  best_ep=121  patience=9/10000
02:09:24  diag.EDR_A2b_lowreg  INFO  epoch  135/250  train_loss=0.10712 (obj=0.10731)  val_loss=0.11853  train_rmse=0.08587  val_rmse=0.08337 N·m  l_data=0.10712  l_corr=0.00019  |δg|=1.326e-01  ||δM||_F=1.901e-01  |δC·q̇|=1.336e-01  |δτ_f|=3.200e-02  best_ep=121  patience=14/10000
02:09:40  diag.EDR_A2b_lowreg  INFO  epoch  140/250  train_loss=0.10726 (obj=0.10745)  val_loss=0.11849  train_rmse=0.08589  val_rmse=0.08333 N·m  l_data=0.10726  l_corr=0.00019  |δg|=1.335e-01  ||δM||_F=1.914e-01  |δC·q̇|=1.334e-01  |δτ_f|=3.216e-02  best_ep=121  patience=19/10000
02:09:55  diag.EDR_A2b_lowreg  INFO  epoch  145/250  train_loss=0.10689 (obj=0.10708)  val_loss=0.11827  train_rmse=0.08581  val_rmse=0.08326 N·m  l_data=0.10689  l_corr=0.00019  |δg|=1.333e-01  ||δM||_F=1.903e-01  |δC·q̇|=1.336e-01  |δτ_f|=3.245e-02  best_ep=145  patience=0/10000
02:10:11  diag.EDR_A2b_lowreg  INFO  epoch  150/250  train_loss=0.10670 (obj=0.10689)  val_loss=0.11853  train_rmse=0.08579  val_rmse=0.08334 N·m  l_data=0.10670  l_corr=0.00019  |δg|=1.325e-01  ||δM||_F=1.916e-01  |δC·q̇|=1.334e-01  |δτ_f|=3.251e-02  best_ep=146  patience=4/10000
02:10:26  diag.EDR_A2b_lowreg  INFO  epoch  155/250  train_loss=0.10660 (obj=0.10680)  val_loss=0.11819  train_rmse=0.08569  val_rmse=0.08325 N·m  l_data=0.10660  l_corr=0.00019  |δg|=1.341e-01  ||δM||_F=1.915e-01  |δC·q̇|=1.331e-01  |δτ_f|=3.254e-02  best_ep=146  patience=9/10000
02:10:42  diag.EDR_A2b_lowreg  INFO  epoch  160/250  train_loss=0.10648 (obj=0.10668)  val_loss=0.11824  train_rmse=0.08569  val_rmse=0.08329 N·m  l_data=0.10648  l_corr=0.00019  |δg|=1.343e-01  ||δM||_F=1.910e-01  |δC·q̇|=1.332e-01  |δτ_f|=3.210e-02  best_ep=146  patience=14/10000
02:10:57  diag.EDR_A2b_lowreg  INFO  epoch  165/250  train_loss=0.10633 (obj=0.10652)  val_loss=0.11833  train_rmse=0.08563  val_rmse=0.08327 N·m  l_data=0.10633  l_corr=0.00019  |δg|=1.340e-01  ||δM||_F=1.933e-01  |δC·q̇|=1.330e-01  |δτ_f|=3.224e-02  best_ep=146  patience=19/10000
02:11:13  diag.EDR_A2b_lowreg  INFO  epoch  170/250  train_loss=0.10583 (obj=0.10602)  val_loss=0.11817  train_rmse=0.08549  val_rmse=0.08322 N·m  l_data=0.10583  l_corr=0.00019  |δg|=1.344e-01  ||δM||_F=1.917e-01  |δC·q̇|=1.339e-01  |δτ_f|=3.227e-02  best_ep=146  patience=24/10000
02:11:28  diag.EDR_A2b_lowreg  INFO  epoch  175/250  train_loss=0.10571 (obj=0.10591)  val_loss=0.11831  train_rmse=0.08532  val_rmse=0.08330 N·m  l_data=0.10571  l_corr=0.00019  |δg|=1.333e-01  ||δM||_F=1.926e-01  |δC·q̇|=1.338e-01  |δτ_f|=3.215e-02  best_ep=146  patience=29/10000
02:11:44  diag.EDR_A2b_lowreg  INFO  epoch  180/250  train_loss=0.10592 (obj=0.10611)  val_loss=0.11817  train_rmse=0.08546  val_rmse=0.08317 N·m  l_data=0.10592  l_corr=0.00019  |δg|=1.335e-01  ||δM||_F=1.919e-01  |δC·q̇|=1.337e-01  |δτ_f|=3.213e-02  best_ep=179  patience=1/10000
02:11:59  diag.EDR_A2b_lowreg  INFO  epoch  185/250  train_loss=0.10590 (obj=0.10610)  val_loss=0.11817  train_rmse=0.08542  val_rmse=0.08320 N·m  l_data=0.10590  l_corr=0.00019  |δg|=1.342e-01  ||δM||_F=1.916e-01  |δC·q̇|=1.332e-01  |δτ_f|=3.218e-02  best_ep=179  patience=6/10000
02:12:14  diag.EDR_A2b_lowreg  INFO  epoch  190/250  train_loss=0.10590 (obj=0.10609)  val_loss=0.11814  train_rmse=0.08548  val_rmse=0.08318 N·m  l_data=0.10590  l_corr=0.00019  |δg|=1.348e-01  ||δM||_F=1.919e-01  |δC·q̇|=1.335e-01  |δτ_f|=3.228e-02  best_ep=179  patience=11/10000
02:12:30  diag.EDR_A2b_lowreg  INFO  epoch  195/250  train_loss=0.10549 (obj=0.10568)  val_loss=0.11814  train_rmse=0.08530  val_rmse=0.08321 N·m  l_data=0.10549  l_corr=0.00019  |δg|=1.345e-01  ||δM||_F=1.916e-01  |δC·q̇|=1.331e-01  |δτ_f|=3.194e-02  best_ep=179  patience=16/10000
02:12:45  diag.EDR_A2b_lowreg  INFO  epoch  200/250  train_loss=0.10526 (obj=0.10546)  val_loss=0.11816  train_rmse=0.08524  val_rmse=0.08324 N·m  l_data=0.10526  l_corr=0.00019  |δg|=1.345e-01  ||δM||_F=1.925e-01  |δC·q̇|=1.338e-01  |δτ_f|=3.196e-02  best_ep=179  patience=21/10000
02:13:01  diag.EDR_A2b_lowreg  INFO  epoch  205/250  train_loss=0.10558 (obj=0.10578)  val_loss=0.11816  train_rmse=0.08533  val_rmse=0.08324 N·m  l_data=0.10558  l_corr=0.00019  |δg|=1.350e-01  ||δM||_F=1.932e-01  |δC·q̇|=1.336e-01  |δτ_f|=3.212e-02  best_ep=179  patience=26/10000
02:13:16  diag.EDR_A2b_lowreg  INFO  epoch  210/250  train_loss=0.10530 (obj=0.10549)  val_loss=0.11814  train_rmse=0.08513  val_rmse=0.08321 N·m  l_data=0.10530  l_corr=0.00020  |δg|=1.351e-01  ||δM||_F=1.931e-01  |δC·q̇|=1.337e-01  |δτ_f|=3.261e-02  best_ep=179  patience=31/10000
02:13:32  diag.EDR_A2b_lowreg  INFO  epoch  215/250  train_loss=0.10539 (obj=0.10558)  val_loss=0.11811  train_rmse=0.08528  val_rmse=0.08322 N·m  l_data=0.10539  l_corr=0.00020  |δg|=1.353e-01  ||δM||_F=1.936e-01  |δC·q̇|=1.334e-01  |δτ_f|=3.212e-02  best_ep=179  patience=36/10000
02:13:47  diag.EDR_A2b_lowreg  INFO  epoch  220/250  train_loss=0.10543 (obj=0.10563)  val_loss=0.11811  train_rmse=0.08526  val_rmse=0.08321 N·m  l_data=0.10543  l_corr=0.00019  |δg|=1.342e-01  ||δM||_F=1.927e-01  |δC·q̇|=1.335e-01  |δτ_f|=3.222e-02  best_ep=179  patience=41/10000
02:14:02  diag.EDR_A2b_lowreg  INFO  epoch  225/250  train_loss=0.10548 (obj=0.10567)  val_loss=0.11811  train_rmse=0.08529  val_rmse=0.08321 N·m  l_data=0.10548  l_corr=0.00019  |δg|=1.347e-01  ||δM||_F=1.933e-01  |δC·q̇|=1.335e-01  |δτ_f|=3.246e-02  best_ep=179  patience=46/10000
02:14:18  diag.EDR_A2b_lowreg  INFO  epoch  230/250  train_loss=0.10511 (obj=0.10531)  val_loss=0.11808  train_rmse=0.08512  val_rmse=0.08321 N·m  l_data=0.10511  l_corr=0.00019  |δg|=1.350e-01  ||δM||_F=1.927e-01  |δC·q̇|=1.334e-01  |δτ_f|=3.239e-02  best_ep=179  patience=51/10000
02:14:33  diag.EDR_A2b_lowreg  INFO  epoch  235/250  train_loss=0.10533 (obj=0.10553)  val_loss=0.11812  train_rmse=0.08527  val_rmse=0.08321 N·m  l_data=0.10533  l_corr=0.00020  |δg|=1.351e-01  ||δM||_F=1.929e-01  |δC·q̇|=1.337e-01  |δτ_f|=3.239e-02  best_ep=179  patience=56/10000
02:14:49  diag.EDR_A2b_lowreg  INFO  epoch  240/250  train_loss=0.10509 (obj=0.10528)  val_loss=0.11812  train_rmse=0.08517  val_rmse=0.08321 N·m  l_data=0.10509  l_corr=0.00019  |δg|=1.353e-01  ||δM||_F=1.928e-01  |δC·q̇|=1.335e-01  |δτ_f|=3.252e-02  best_ep=179  patience=61/10000
02:15:04  diag.EDR_A2b_lowreg  INFO  epoch  245/250  train_loss=0.10503 (obj=0.10523)  val_loss=0.11810  train_rmse=0.08514  val_rmse=0.08319 N·m  l_data=0.10503  l_corr=0.00020  |δg|=1.353e-01  ||δM||_F=1.932e-01  |δC·q̇|=1.332e-01  |δτ_f|=3.240e-02  best_ep=179  patience=66/10000
02:15:19  diag.EDR_A2b_lowreg  INFO  epoch  250/250  train_loss=0.10528 (obj=0.10548)  val_loss=0.11811  train_rmse=0.08524  val_rmse=0.08320 N·m  l_data=0.10528  l_corr=0.00020  |δg|=1.352e-01  ||δM||_F=1.931e-01  |δC·q̇|=1.335e-01  |δτ_f|=3.252e-02  best_ep=179  patience=71/10000
02:15:19  diag.EDR_A2b_lowreg  INFO  EMA not selected: best ema_val_rmse=0.08321 ≥ raw best_val_rmse=0.08316 — keeping raw best.
02:15:23  diag.EDR_A2b_lowreg  INFO  Saved to /home/san/Desktop/MTP_PINN/Neural_Networks/diagnostics/results/EDR_A2b_lowreg/EDR_A2b_lowreg_ep250_rmse0.08961_frac0.15_seed0_lr3e-4_wd1e-5_bs512_creg0.002_w48-48_cdo0.3_fqddTrue_pcTrue_cstFalse_cmfFalse_gr0.3_ffmlp_psdFalse_ema0.9_snFalse_20260522_0215  test_rmse_traj_macro=0.08961  (pooled-per-joint=0.09870  rmse_pooled=0.10835)
02:15:23  diag.EDR_A2b_lowreg  INFO  ════════ TRAINING SUMMARY [EDR_A2b_lowreg] ════════
  epochs ran      : 250 / 250
  model selected   : raw-best-by-val
  best epoch       : 179
  test  rmse (N·m) : 0.08961   (trajectory-macro)
  val   rmse @best : 0.08316
  train rmse @best : 0.08549
  gen. gap (test−val@best): +0.00645   |  overfit gap (val−train @best): -0.00233
═══════════════════════════════════════
02:15:23  diag.a2b  INFO  [EDR_A2b_lowreg]  best_val=ep179 val=0.08316  test@bv=0.08961  best_test=ep179 test=0.08961  gap_val_test=0.00645
